<?xml version="1.0" encoding="UTF-8"?>
<testsuite name="uyu.server.link.web.LinkControllerTest" tests="1" skipped="0" failures="0" errors="0" timestamp="2023-02-16T01:43:57" hostname="minchoui-MacBookPro.local" time="0.065">
  <properties/>
  <testcase name="링크를 삭제할 수 있다." classname="uyu.server.link.web.LinkControllerTest" time="0.065"/>
  <system-out><![CDATA[10:43:56.544 [Test worker] DEBUG org.springframework.boot.test.autoconfigure.web.servlet.WebMvcTestContextBootstrapper - Neither @ContextConfiguration nor @ContextHierarchy found for test class [LinkControllerTest]: using SpringBootContextLoader
10:43:56.547 [Test worker] DEBUG org.springframework.test.context.support.AbstractContextLoader - Could not detect default resource locations for test class [uyu.server.link.web.LinkControllerTest]: no resource found for suffixes {-context.xml, Context.groovy}.
10:43:56.547 [Test worker] INFO org.springframework.test.context.support.AnnotationConfigContextLoaderUtils - Could not detect default configuration classes for test class [uyu.server.link.web.LinkControllerTest]: LinkControllerTest does not declare any static, non-private, non-final, nested classes annotated with @Configuration.
10:43:56.577 [Test worker] DEBUG org.springframework.boot.test.autoconfigure.web.servlet.WebMvcTestContextBootstrapper - Using ContextCustomizers for test class [LinkControllerTest]: [DisableAutoConfigurationContextCustomizer, DisableObservabilityContextCustomizer, TypeExcludeFiltersContextCustomizer, PropertyMappingContextCustomizer, Customizer, ImportsContextCustomizer, ExcludeFilterContextCustomizer, DuplicateJsonObjectContextCustomizer, MockitoContextCustomizer]
10:43:56.631 [Test worker] DEBUG org.springframework.context.annotation.ClassPathScanningCandidateComponentProvider - Identified candidate component class: file [/Users/mincho/Desktop/사이드 프로젝트/uyu-backend/build/classes/java/main/uyu/server/ServerApplication.class]
10:43:56.632 [Test worker] INFO org.springframework.boot.test.context.SpringBootTestContextBootstrapper - Found @SpringBootConfiguration uyu.server.ServerApplication for test class uyu.server.link.web.LinkControllerTest
10:43:56.646 [Test worker] DEBUG org.springframework.boot.test.autoconfigure.web.servlet.WebMvcTestContextBootstrapper - Using TestExecutionListeners for test class [LinkControllerTest]: [ServletTestExecutionListener, DirtiesContextBeforeModesTestExecutionListener, ApplicationEventsTestExecutionListener, MockitoTestExecutionListener, DependencyInjectionTestExecutionListener, DirtiesContextTestExecutionListener, TransactionalTestExecutionListener, SqlScriptsTestExecutionListener, EventPublishingTestExecutionListener, RestDocsTestExecutionListener, MockRestServiceServerResetTestExecutionListener, MockMvcPrintOnlyOnFailureTestExecutionListener, WebDriverTestExecutionListener, MockWebServiceServerTestExecutionListener, ResetMocksTestExecutionListener]
10:43:56.646 [Test worker] DEBUG org.springframework.test.context.support.AbstractDirtiesContextTestExecutionListener - Before test class: class [LinkControllerTest], class annotated with @DirtiesContext [false] with mode [null]

  .   ____          _            __ _ _
 /\\ / ___'_ __ _ _(_)_ __  __ _ \ \ \ \
( ( )\___ | '_ | '_| | '_ \/ _` | \ \ \ \
 \\/  ___)| |_)| | | | | || (_| |  ) ) ) )
  '  |____| .__|_| |_|_| |_\__, | / / / /
 =========|_|==============|___/=/_/_/_/
 :: Spring Boot ::                (v3.0.2)

2023-02-16T10:43:56.848+09:00  INFO 549 --- [    Test worker] uyu.server.link.web.LinkControllerTest   : Starting LinkControllerTest using Java 17.0.5 with PID 549 (started by mincho in /Users/mincho/Desktop/사이드 프로젝트/uyu-backend)
2023-02-16T10:43:56.850+09:00  INFO 549 --- [    Test worker] uyu.server.link.web.LinkControllerTest   : No active profile set, falling back to 1 default profile: "default"
2023-02-16T10:43:57.680+09:00  INFO 549 --- [    Test worker] o.s.b.t.m.w.SpringBootMockServletContext : Initializing Spring TestDispatcherServlet ''
2023-02-16T10:43:57.680+09:00  INFO 549 --- [    Test worker] o.s.t.web.servlet.TestDispatcherServlet  : Initializing Servlet ''
2023-02-16T10:43:57.682+09:00  INFO 549 --- [    Test worker] o.s.t.web.servlet.TestDispatcherServlet  : Completed initialization in 1 ms
2023-02-16T10:43:57.698+09:00  INFO 549 --- [    Test worker] uyu.server.link.web.LinkControllerTest   : Started LinkControllerTest in 1.02 seconds (process running for 1.644)

MockHttpServletRequest:
      HTTP Method = DELETE
      Request URI = /links/1
       Parameters = {}
          Headers = []
             Body = null
    Session Attrs = {}

Handler:
             Type = uyu.server.link.web.LinkApiController
           Method = uyu.server.link.web.LinkApiController#deleteLink(Long)

Async:
    Async started = false
     Async result = null

Resolved Exception:
             Type = null

ModelAndView:
        View name = null
             View = null
            Model = null

FlashMap:
       Attributes = null

MockHttpServletResponse:
           Status = 200
    Error message = null
          Headers = [Content-Type:"application/json"]
     Content type = application/json
             Body = 1
    Forwarded URL = null
   Redirected URL = null
          Cookies = []
]]></system-out>
  <system-err><![CDATA[]]></system-err>
</testsuite>
