<?xml version="1.0" encoding="UTF-8"?>
<testsuite name="uyu.server.tag.web.TagControllerTest" tests="4" skipped="0" failures="0" errors="0" timestamp="2023-02-16T05:01:14" hostname="minchoui-MacBookPro.local" time="0.103">
  <properties/>
  <testcase name="태그를 수정할 수 있다." classname="uyu.server.tag.web.TagControllerTest" time="0.069"/>
  <testcase name="태그 리스트를 반환할 수 있다." classname="uyu.server.tag.web.TagControllerTest" time="0.021"/>
  <testcase name="태그를 삭제할 수 있다." classname="uyu.server.tag.web.TagControllerTest" time="0.005"/>
  <testcase name="태그를 생성할 수 있다." classname="uyu.server.tag.web.TagControllerTest" time="0.005"/>
  <system-out><![CDATA[14:01:13.232 [Test worker] DEBUG org.springframework.boot.test.autoconfigure.web.servlet.WebMvcTestContextBootstrapper - Neither @ContextConfiguration nor @ContextHierarchy found for test class [TagControllerTest]: using SpringBootContextLoader
14:01:13.236 [Test worker] DEBUG org.springframework.test.context.support.AbstractContextLoader - Could not detect default resource locations for test class [uyu.server.tag.web.TagControllerTest]: no resource found for suffixes {-context.xml, Context.groovy}.
14:01:13.236 [Test worker] INFO org.springframework.test.context.support.AnnotationConfigContextLoaderUtils - Could not detect default configuration classes for test class [uyu.server.tag.web.TagControllerTest]: TagControllerTest does not declare any static, non-private, non-final, nested classes annotated with @Configuration.
14:01:13.271 [Test worker] DEBUG org.springframework.boot.test.autoconfigure.web.servlet.WebMvcTestContextBootstrapper - Using ContextCustomizers for test class [TagControllerTest]: [DisableAutoConfigurationContextCustomizer, DisableObservabilityContextCustomizer, TypeExcludeFiltersContextCustomizer, PropertyMappingContextCustomizer, Customizer, ImportsContextCustomizer, ExcludeFilterContextCustomizer, DuplicateJsonObjectContextCustomizer, MockitoContextCustomizer]
14:01:13.333 [Test worker] DEBUG org.springframework.context.annotation.ClassPathScanningCandidateComponentProvider - Identified candidate component class: file [/Users/mincho/Desktop/사이드 프로젝트/uyu-backend/build/classes/java/main/uyu/server/ServerApplication.class]
14:01:13.334 [Test worker] INFO org.springframework.boot.test.context.SpringBootTestContextBootstrapper - Found @SpringBootConfiguration uyu.server.ServerApplication for test class uyu.server.tag.web.TagControllerTest
14:01:13.352 [Test worker] DEBUG org.springframework.boot.test.autoconfigure.web.servlet.WebMvcTestContextBootstrapper - Using TestExecutionListeners for test class [TagControllerTest]: [ServletTestExecutionListener, DirtiesContextBeforeModesTestExecutionListener, ApplicationEventsTestExecutionListener, MockitoTestExecutionListener, DependencyInjectionTestExecutionListener, DirtiesContextTestExecutionListener, TransactionalTestExecutionListener, SqlScriptsTestExecutionListener, EventPublishingTestExecutionListener, RestDocsTestExecutionListener, MockRestServiceServerResetTestExecutionListener, MockMvcPrintOnlyOnFailureTestExecutionListener, WebDriverTestExecutionListener, MockWebServiceServerTestExecutionListener, ResetMocksTestExecutionListener]
14:01:13.353 [Test worker] DEBUG org.springframework.test.context.support.AbstractDirtiesContextTestExecutionListener - Before test class: class [TagControllerTest], class annotated with @DirtiesContext [false] with mode [null]

  .   ____          _            __ _ _
 /\\ / ___'_ __ _ _(_)_ __  __ _ \ \ \ \
( ( )\___ | '_ | '_| | '_ \/ _` | \ \ \ \
 \\/  ___)| |_)| | | | | || (_| |  ) ) ) )
  '  |____| .__|_| |_|_| |_\__, | / / / /
 =========|_|==============|___/=/_/_/_/
 :: Spring Boot ::                (v3.0.2)

2023-02-16T14:01:13.565+09:00  INFO 25751 --- [    Test worker] uyu.server.tag.web.TagControllerTest     : Starting TagControllerTest using Java 17.0.5 with PID 25751 (started by mincho in /Users/mincho/Desktop/사이드 프로젝트/uyu-backend)
2023-02-16T14:01:13.566+09:00  INFO 25751 --- [    Test worker] uyu.server.tag.web.TagControllerTest     : No active profile set, falling back to 1 default profile: "default"
2023-02-16T14:01:14.468+09:00  INFO 25751 --- [    Test worker] o.s.b.t.m.w.SpringBootMockServletContext : Initializing Spring TestDispatcherServlet ''
2023-02-16T14:01:14.468+09:00  INFO 25751 --- [    Test worker] o.s.t.web.servlet.TestDispatcherServlet  : Initializing Servlet ''
2023-02-16T14:01:14.471+09:00  INFO 25751 --- [    Test worker] o.s.t.web.servlet.TestDispatcherServlet  : Completed initialization in 2 ms
2023-02-16T14:01:14.485+09:00  INFO 25751 --- [    Test worker] uyu.server.tag.web.TagControllerTest     : Started TagControllerTest in 1.101 seconds (process running for 1.827)

MockHttpServletRequest:
      HTTP Method = PATCH
      Request URI = /tags/1
       Parameters = {name=[spring2]}
          Headers = []
             Body = null
    Session Attrs = {}

Handler:
             Type = uyu.server.tag.web.TagApiController
           Method = uyu.server.tag.web.TagApiController#modifyTag(Long, String)

Async:
    Async started = false
     Async result = null

Resolved Exception:
             Type = null

ModelAndView:
        View name = null
             View = null
            Model = null

FlashMap:
       Attributes = null

MockHttpServletResponse:
           Status = 200
    Error message = null
          Headers = [Content-Type:"application/json"]
     Content type = application/json
             Body = 1
    Forwarded URL = null
   Redirected URL = null
          Cookies = []

MockHttpServletRequest:
      HTTP Method = GET
      Request URI = /tags/list
       Parameters = {name=[Spring]}
          Headers = []
             Body = null
    Session Attrs = {}

Handler:
             Type = uyu.server.tag.web.TagApiController
           Method = uyu.server.tag.web.TagApiController#getTagList()

Async:
    Async started = false
     Async result = null

Resolved Exception:
             Type = null

ModelAndView:
        View name = null
             View = null
            Model = null

FlashMap:
       Attributes = null

MockHttpServletResponse:
           Status = 200
    Error message = null
          Headers = [Content-Type:"application/json"]
     Content type = application/json
             Body = [{"id":1,"name":"Spring"}]
    Forwarded URL = null
   Redirected URL = null
          Cookies = []

MockHttpServletRequest:
      HTTP Method = DELETE
      Request URI = /tags/1
       Parameters = {}
          Headers = []
             Body = null
    Session Attrs = {}

Handler:
             Type = uyu.server.tag.web.TagApiController
           Method = uyu.server.tag.web.TagApiController#deleteTag(Long)

Async:
    Async started = false
     Async result = null

Resolved Exception:
             Type = null

ModelAndView:
        View name = null
             View = null
            Model = null

FlashMap:
       Attributes = null

MockHttpServletResponse:
           Status = 200
    Error message = null
          Headers = [Content-Type:"application/json"]
     Content type = application/json
             Body = 1
    Forwarded URL = null
   Redirected URL = null
          Cookies = []

MockHttpServletRequest:
      HTTP Method = POST
      Request URI = /tags/new
       Parameters = {name=[Spring]}
          Headers = []
             Body = null
    Session Attrs = {}

Handler:
             Type = uyu.server.tag.web.TagApiController
           Method = uyu.server.tag.web.TagApiController#createTag(String)

Async:
    Async started = false
     Async result = null

Resolved Exception:
             Type = null

ModelAndView:
        View name = null
             View = null
            Model = null

FlashMap:
       Attributes = null

MockHttpServletResponse:
           Status = 201
    Error message = null
          Headers = [Content-Type:"application/json"]
     Content type = application/json
             Body = 1
    Forwarded URL = null
   Redirected URL = null
          Cookies = []
]]></system-out>
  <system-err><![CDATA[]]></system-err>
</testsuite>
