<?xml version="1.0" encoding="UTF-8"?>
<testsuite name="uyu.server.link.service.LinkServiceTest" tests="4" skipped="0" failures="0" errors="0" timestamp="2023-02-28T04:58:27" hostname="MacBook-Pro-76.local" time="0.084">
  <properties/>
  <testcase name="링크 세부 내용을 알 수 있다." classname="uyu.server.link.service.LinkServiceTest" time="0.053"/>
  <testcase name="링크를 수정할 수 있다." classname="uyu.server.link.service.LinkServiceTest" time="0.008"/>
  <testcase name="링크를 생성할 수 있다." classname="uyu.server.link.service.LinkServiceTest" time="0.007"/>
  <testcase name="링크를 삭제할 수 있다." classname="uyu.server.link.service.LinkServiceTest" time="0.006"/>
  <system-out><![CDATA[13:58:26.701 [Test worker] DEBUG org.springframework.test.context.support.DefaultTestContextBootstrapper - Neither @ContextConfiguration nor @ContextHierarchy found for test class [LinkServiceTest]: using DelegatingSmartContextLoader
13:58:26.707 [Test worker] DEBUG org.springframework.test.context.support.AbstractContextLoader - Could not detect default resource locations for test class [uyu.server.link.service.LinkServiceTest]: no resource found for suffixes {-context.xml}.
13:58:26.708 [Test worker] INFO org.springframework.test.context.support.AnnotationConfigContextLoaderUtils - Could not detect default configuration classes for test class [uyu.server.link.service.LinkServiceTest]: LinkServiceTest does not declare any static, non-private, non-final, nested classes annotated with @Configuration.
13:58:26.737 [Test worker] DEBUG org.springframework.test.context.support.DefaultTestContextBootstrapper - Using ContextCustomizers for test class [LinkServiceTest]: [DisableObservabilityContextCustomizer, PropertyMappingContextCustomizer, Customizer, ExcludeFilterContextCustomizer, DuplicateJsonObjectContextCustomizer, MockitoContextCustomizer]
13:58:26.761 [Test worker] DEBUG org.springframework.test.context.support.DefaultTestContextBootstrapper - Using TestExecutionListeners for test class [LinkServiceTest]: [ServletTestExecutionListener, DirtiesContextBeforeModesTestExecutionListener, ApplicationEventsTestExecutionListener, MockitoTestExecutionListener, DependencyInjectionTestExecutionListener, DirtiesContextTestExecutionListener, TransactionalTestExecutionListener, SqlScriptsTestExecutionListener, EventPublishingTestExecutionListener, RestDocsTestExecutionListener, MockRestServiceServerResetTestExecutionListener, MockMvcPrintOnlyOnFailureTestExecutionListener, WebDriverTestExecutionListener, MockWebServiceServerTestExecutionListener, ResetMocksTestExecutionListener]
13:58:26.763 [Test worker] DEBUG org.springframework.test.context.support.AbstractDirtiesContextTestExecutionListener - Before test class: class [LinkServiceTest], class annotated with @DirtiesContext [false] with mode [null]
13:58:27.395 [Test worker] DEBUG org.springframework.test.context.support.DependencyInjectionTestExecutionListener - Performing dependency injection for test class uyu.server.link.service.LinkServiceTest
13:58:27.396 [Test worker] DEBUG org.springframework.test.context.support.AbstractGenericContextLoader - Loading ApplicationContext for test class uyu.server.link.service.LinkServiceTest
13:58:27.430 [Test worker] DEBUG org.springframework.core.env.StandardEnvironment - Activating profiles []
13:58:27.430 [Test worker] DEBUG org.springframework.test.context.support.AnnotationConfigContextLoader - Registering component classes: []
13:58:27.452 [Test worker] DEBUG org.springframework.context.support.GenericApplicationContext - Refreshing org.springframework.context.support.GenericApplicationContext@2a03d65c
13:58:27.463 [Test worker] DEBUG org.springframework.beans.factory.support.DefaultListableBeanFactory - Creating shared instance of singleton bean 'org.springframework.context.annotation.internalConfigurationAnnotationProcessor'
13:58:27.478 [Test worker] DEBUG org.springframework.beans.factory.support.DefaultListableBeanFactory - Creating shared instance of singleton bean 'org.springframework.boot.test.mock.mockito.MockitoPostProcessor'
13:58:27.492 [Test worker] DEBUG org.springframework.beans.factory.support.DefaultListableBeanFactory - Creating shared instance of singleton bean 'org.springframework.context.event.internalEventListenerProcessor'
13:58:27.494 [Test worker] DEBUG org.springframework.beans.factory.support.DefaultListableBeanFactory - Creating shared instance of singleton bean 'org.springframework.context.event.internalEventListenerFactory'
13:58:27.495 [Test worker] DEBUG org.springframework.beans.factory.support.DefaultListableBeanFactory - Creating shared instance of singleton bean 'org.springframework.context.annotation.internalAutowiredAnnotationProcessor'
13:58:27.497 [Test worker] DEBUG org.springframework.beans.factory.support.DefaultListableBeanFactory - Creating shared instance of singleton bean 'org.springframework.context.annotation.internalCommonAnnotationProcessor'
13:58:27.501 [Test worker] DEBUG org.springframework.beans.factory.support.DefaultListableBeanFactory - Creating shared instance of singleton bean 'org.springframework.context.annotation.internalPersistenceAnnotationProcessor'
13:58:27.501 [Test worker] DEBUG org.springframework.beans.factory.support.DefaultListableBeanFactory - Creating shared instance of singleton bean 'org.springframework.boot.test.mock.mockito.MockitoPostProcessor$SpyPostProcessor'
13:58:27.521 [Test worker] DEBUG org.springframework.test.context.cache - Spring test ApplicationContext cache statistics: [DefaultContextCache@1deceb67 size = 1, maxSize = 32, parentContextCount = 0, hitCount = 0, missCount = 1]
13:58:27.527 [Test worker] DEBUG org.springframework.test.context.cache - Spring test ApplicationContext cache statistics: [DefaultContextCache@1deceb67 size = 1, maxSize = 32, parentContextCount = 0, hitCount = 1, missCount = 1]
13:58:27.534 [Test worker] DEBUG org.springframework.test.context.support.AbstractDirtiesContextTestExecutionListener - Before test method: class [LinkServiceTest], method [getLinkDetail], class annotated with @DirtiesContext [false] with mode [null], method annotated with @DirtiesContext [false] with mode [null]
13:58:27.540 [Test worker] DEBUG org.springframework.test.context.cache - Spring test ApplicationContext cache statistics: [DefaultContextCache@1deceb67 size = 1, maxSize = 32, parentContextCount = 0, hitCount = 2, missCount = 1]
13:58:27.541 [Test worker] DEBUG org.springframework.test.context.cache - Spring test ApplicationContext cache statistics: [DefaultContextCache@1deceb67 size = 1, maxSize = 32, parentContextCount = 0, hitCount = 3, missCount = 1]
13:58:27.541 [Test worker] DEBUG org.springframework.test.context.cache - Spring test ApplicationContext cache statistics: [DefaultContextCache@1deceb67 size = 1, maxSize = 32, parentContextCount = 0, hitCount = 4, missCount = 1]
13:58:27.550 [Test worker] DEBUG org.springframework.test.context.cache - Spring test ApplicationContext cache statistics: [DefaultContextCache@1deceb67 size = 1, maxSize = 32, parentContextCount = 0, hitCount = 5, missCount = 1]
13:58:27.576 [Test worker] DEBUG org.springframework.test.context.cache - Spring test ApplicationContext cache statistics: [DefaultContextCache@1deceb67 size = 1, maxSize = 32, parentContextCount = 0, hitCount = 6, missCount = 1]
13:58:27.577 [Test worker] DEBUG org.springframework.test.context.cache - Spring test ApplicationContext cache statistics: [DefaultContextCache@1deceb67 size = 1, maxSize = 32, parentContextCount = 0, hitCount = 7, missCount = 1]
13:58:27.577 [Test worker] DEBUG org.springframework.test.context.cache - Spring test ApplicationContext cache statistics: [DefaultContextCache@1deceb67 size = 1, maxSize = 32, parentContextCount = 0, hitCount = 8, missCount = 1]
13:58:27.577 [Test worker] DEBUG org.springframework.test.context.cache - Spring test ApplicationContext cache statistics: [DefaultContextCache@1deceb67 size = 1, maxSize = 32, parentContextCount = 0, hitCount = 9, missCount = 1]
13:58:27.578 [Test worker] DEBUG org.springframework.test.context.cache - Spring test ApplicationContext cache statistics: [DefaultContextCache@1deceb67 size = 1, maxSize = 32, parentContextCount = 0, hitCount = 10, missCount = 1]
13:58:27.579 [Test worker] DEBUG org.springframework.test.context.cache - Spring test ApplicationContext cache statistics: [DefaultContextCache@1deceb67 size = 1, maxSize = 32, parentContextCount = 0, hitCount = 11, missCount = 1]
13:58:27.579 [Test worker] DEBUG org.springframework.test.context.cache - Spring test ApplicationContext cache statistics: [DefaultContextCache@1deceb67 size = 1, maxSize = 32, parentContextCount = 0, hitCount = 12, missCount = 1]
13:58:27.580 [Test worker] DEBUG org.springframework.test.context.support.AbstractDirtiesContextTestExecutionListener - After test method: class [LinkServiceTest], method [getLinkDetail], class annotated with @DirtiesContext [false] with mode [null], method annotated with @DirtiesContext [false] with mode [null]
13:58:27.586 [Test worker] DEBUG org.springframework.test.context.support.DependencyInjectionTestExecutionListener - Performing dependency injection for test class uyu.server.link.service.LinkServiceTest
13:58:27.586 [Test worker] DEBUG org.springframework.test.context.cache - Spring test ApplicationContext cache statistics: [DefaultContextCache@1deceb67 size = 1, maxSize = 32, parentContextCount = 0, hitCount = 13, missCount = 1]
13:58:27.587 [Test worker] DEBUG org.springframework.test.context.cache - Spring test ApplicationContext cache statistics: [DefaultContextCache@1deceb67 size = 1, maxSize = 32, parentContextCount = 0, hitCount = 14, missCount = 1]
13:58:27.589 [Test worker] DEBUG org.springframework.test.context.support.AbstractDirtiesContextTestExecutionListener - Before test method: class [LinkServiceTest], method [modifyLink], class annotated with @DirtiesContext [false] with mode [null], method annotated with @DirtiesContext [false] with mode [null]
13:58:27.589 [Test worker] DEBUG org.springframework.test.context.cache - Spring test ApplicationContext cache statistics: [DefaultContextCache@1deceb67 size = 1, maxSize = 32, parentContextCount = 0, hitCount = 15, missCount = 1]
13:58:27.589 [Test worker] DEBUG org.springframework.test.context.cache - Spring test ApplicationContext cache statistics: [DefaultContextCache@1deceb67 size = 1, maxSize = 32, parentContextCount = 0, hitCount = 16, missCount = 1]
13:58:27.590 [Test worker] DEBUG org.springframework.test.context.cache - Spring test ApplicationContext cache statistics: [DefaultContextCache@1deceb67 size = 1, maxSize = 32, parentContextCount = 0, hitCount = 17, missCount = 1]
13:58:27.590 [Test worker] DEBUG org.springframework.test.context.cache - Spring test ApplicationContext cache statistics: [DefaultContextCache@1deceb67 size = 1, maxSize = 32, parentContextCount = 0, hitCount = 18, missCount = 1]
13:58:27.594 [Test worker] DEBUG org.springframework.test.context.cache - Spring test ApplicationContext cache statistics: [DefaultContextCache@1deceb67 size = 1, maxSize = 32, parentContextCount = 0, hitCount = 19, missCount = 1]
13:58:27.595 [Test worker] DEBUG org.springframework.test.context.cache - Spring test ApplicationContext cache statistics: [DefaultContextCache@1deceb67 size = 1, maxSize = 32, parentContextCount = 0, hitCount = 20, missCount = 1]
13:58:27.595 [Test worker] DEBUG org.springframework.test.context.cache - Spring test ApplicationContext cache statistics: [DefaultContextCache@1deceb67 size = 1, maxSize = 32, parentContextCount = 0, hitCount = 21, missCount = 1]
13:58:27.595 [Test worker] DEBUG org.springframework.test.context.cache - Spring test ApplicationContext cache statistics: [DefaultContextCache@1deceb67 size = 1, maxSize = 32, parentContextCount = 0, hitCount = 22, missCount = 1]
13:58:27.595 [Test worker] DEBUG org.springframework.test.context.cache - Spring test ApplicationContext cache statistics: [DefaultContextCache@1deceb67 size = 1, maxSize = 32, parentContextCount = 0, hitCount = 23, missCount = 1]
13:58:27.596 [Test worker] DEBUG org.springframework.test.context.cache - Spring test ApplicationContext cache statistics: [DefaultContextCache@1deceb67 size = 1, maxSize = 32, parentContextCount = 0, hitCount = 24, missCount = 1]
13:58:27.596 [Test worker] DEBUG org.springframework.test.context.cache - Spring test ApplicationContext cache statistics: [DefaultContextCache@1deceb67 size = 1, maxSize = 32, parentContextCount = 0, hitCount = 25, missCount = 1]
13:58:27.596 [Test worker] DEBUG org.springframework.test.context.support.AbstractDirtiesContextTestExecutionListener - After test method: class [LinkServiceTest], method [modifyLink], class annotated with @DirtiesContext [false] with mode [null], method annotated with @DirtiesContext [false] with mode [null]
13:58:27.598 [Test worker] DEBUG org.springframework.test.context.support.DependencyInjectionTestExecutionListener - Performing dependency injection for test class uyu.server.link.service.LinkServiceTest
13:58:27.598 [Test worker] DEBUG org.springframework.test.context.cache - Spring test ApplicationContext cache statistics: [DefaultContextCache@1deceb67 size = 1, maxSize = 32, parentContextCount = 0, hitCount = 26, missCount = 1]
13:58:27.598 [Test worker] DEBUG org.springframework.test.context.cache - Spring test ApplicationContext cache statistics: [DefaultContextCache@1deceb67 size = 1, maxSize = 32, parentContextCount = 0, hitCount = 27, missCount = 1]
13:58:27.600 [Test worker] DEBUG org.springframework.test.context.support.AbstractDirtiesContextTestExecutionListener - Before test method: class [LinkServiceTest], method [createLink], class annotated with @DirtiesContext [false] with mode [null], method annotated with @DirtiesContext [false] with mode [null]
13:58:27.601 [Test worker] DEBUG org.springframework.test.context.cache - Spring test ApplicationContext cache statistics: [DefaultContextCache@1deceb67 size = 1, maxSize = 32, parentContextCount = 0, hitCount = 28, missCount = 1]
13:58:27.601 [Test worker] DEBUG org.springframework.test.context.cache - Spring test ApplicationContext cache statistics: [DefaultContextCache@1deceb67 size = 1, maxSize = 32, parentContextCount = 0, hitCount = 29, missCount = 1]
13:58:27.601 [Test worker] DEBUG org.springframework.test.context.cache - Spring test ApplicationContext cache statistics: [DefaultContextCache@1deceb67 size = 1, maxSize = 32, parentContextCount = 0, hitCount = 30, missCount = 1]
13:58:27.601 [Test worker] DEBUG org.springframework.test.context.cache - Spring test ApplicationContext cache statistics: [DefaultContextCache@1deceb67 size = 1, maxSize = 32, parentContextCount = 0, hitCount = 31, missCount = 1]
13:58:27.604 [Test worker] DEBUG org.springframework.test.context.cache - Spring test ApplicationContext cache statistics: [DefaultContextCache@1deceb67 size = 1, maxSize = 32, parentContextCount = 0, hitCount = 32, missCount = 1]
13:58:27.604 [Test worker] DEBUG org.springframework.test.context.cache - Spring test ApplicationContext cache statistics: [DefaultContextCache@1deceb67 size = 1, maxSize = 32, parentContextCount = 0, hitCount = 33, missCount = 1]
13:58:27.605 [Test worker] DEBUG org.springframework.test.context.cache - Spring test ApplicationContext cache statistics: [DefaultContextCache@1deceb67 size = 1, maxSize = 32, parentContextCount = 0, hitCount = 34, missCount = 1]
13:58:27.605 [Test worker] DEBUG org.springframework.test.context.cache - Spring test ApplicationContext cache statistics: [DefaultContextCache@1deceb67 size = 1, maxSize = 32, parentContextCount = 0, hitCount = 35, missCount = 1]
13:58:27.605 [Test worker] DEBUG org.springframework.test.context.cache - Spring test ApplicationContext cache statistics: [DefaultContextCache@1deceb67 size = 1, maxSize = 32, parentContextCount = 0, hitCount = 36, missCount = 1]
13:58:27.605 [Test worker] DEBUG org.springframework.test.context.cache - Spring test ApplicationContext cache statistics: [DefaultContextCache@1deceb67 size = 1, maxSize = 32, parentContextCount = 0, hitCount = 37, missCount = 1]
13:58:27.606 [Test worker] DEBUG org.springframework.test.context.cache - Spring test ApplicationContext cache statistics: [DefaultContextCache@1deceb67 size = 1, maxSize = 32, parentContextCount = 0, hitCount = 38, missCount = 1]
13:58:27.606 [Test worker] DEBUG org.springframework.test.context.support.AbstractDirtiesContextTestExecutionListener - After test method: class [LinkServiceTest], method [createLink], class annotated with @DirtiesContext [false] with mode [null], method annotated with @DirtiesContext [false] with mode [null]
13:58:27.608 [Test worker] DEBUG org.springframework.test.context.support.DependencyInjectionTestExecutionListener - Performing dependency injection for test class uyu.server.link.service.LinkServiceTest
13:58:27.608 [Test worker] DEBUG org.springframework.test.context.cache - Spring test ApplicationContext cache statistics: [DefaultContextCache@1deceb67 size = 1, maxSize = 32, parentContextCount = 0, hitCount = 39, missCount = 1]
13:58:27.608 [Test worker] DEBUG org.springframework.test.context.cache - Spring test ApplicationContext cache statistics: [DefaultContextCache@1deceb67 size = 1, maxSize = 32, parentContextCount = 0, hitCount = 40, missCount = 1]
13:58:27.610 [Test worker] DEBUG org.springframework.test.context.support.AbstractDirtiesContextTestExecutionListener - Before test method: class [LinkServiceTest], method [deleteLink], class annotated with @DirtiesContext [false] with mode [null], method annotated with @DirtiesContext [false] with mode [null]
13:58:27.610 [Test worker] DEBUG org.springframework.test.context.cache - Spring test ApplicationContext cache statistics: [DefaultContextCache@1deceb67 size = 1, maxSize = 32, parentContextCount = 0, hitCount = 41, missCount = 1]
13:58:27.611 [Test worker] DEBUG org.springframework.test.context.cache - Spring test ApplicationContext cache statistics: [DefaultContextCache@1deceb67 size = 1, maxSize = 32, parentContextCount = 0, hitCount = 42, missCount = 1]
13:58:27.611 [Test worker] DEBUG org.springframework.test.context.cache - Spring test ApplicationContext cache statistics: [DefaultContextCache@1deceb67 size = 1, maxSize = 32, parentContextCount = 0, hitCount = 43, missCount = 1]
13:58:27.611 [Test worker] DEBUG org.springframework.test.context.cache - Spring test ApplicationContext cache statistics: [DefaultContextCache@1deceb67 size = 1, maxSize = 32, parentContextCount = 0, hitCount = 44, missCount = 1]
13:58:27.613 [Test worker] DEBUG org.springframework.test.context.cache - Spring test ApplicationContext cache statistics: [DefaultContextCache@1deceb67 size = 1, maxSize = 32, parentContextCount = 0, hitCount = 45, missCount = 1]
13:58:27.613 [Test worker] DEBUG org.springframework.test.context.cache - Spring test ApplicationContext cache statistics: [DefaultContextCache@1deceb67 size = 1, maxSize = 32, parentContextCount = 0, hitCount = 46, missCount = 1]
13:58:27.614 [Test worker] DEBUG org.springframework.test.context.cache - Spring test ApplicationContext cache statistics: [DefaultContextCache@1deceb67 size = 1, maxSize = 32, parentContextCount = 0, hitCount = 47, missCount = 1]
13:58:27.614 [Test worker] DEBUG org.springframework.test.context.cache - Spring test ApplicationContext cache statistics: [DefaultContextCache@1deceb67 size = 1, maxSize = 32, parentContextCount = 0, hitCount = 48, missCount = 1]
13:58:27.614 [Test worker] DEBUG org.springframework.test.context.cache - Spring test ApplicationContext cache statistics: [DefaultContextCache@1deceb67 size = 1, maxSize = 32, parentContextCount = 0, hitCount = 49, missCount = 1]
13:58:27.615 [Test worker] DEBUG org.springframework.test.context.cache - Spring test ApplicationContext cache statistics: [DefaultContextCache@1deceb67 size = 1, maxSize = 32, parentContextCount = 0, hitCount = 50, missCount = 1]
13:58:27.615 [Test worker] DEBUG org.springframework.test.context.cache - Spring test ApplicationContext cache statistics: [DefaultContextCache@1deceb67 size = 1, maxSize = 32, parentContextCount = 0, hitCount = 51, missCount = 1]
13:58:27.615 [Test worker] DEBUG org.springframework.test.context.support.AbstractDirtiesContextTestExecutionListener - After test method: class [LinkServiceTest], method [deleteLink], class annotated with @DirtiesContext [false] with mode [null], method annotated with @DirtiesContext [false] with mode [null]
13:58:27.617 [Test worker] DEBUG org.springframework.test.context.cache - Spring test ApplicationContext cache statistics: [DefaultContextCache@1deceb67 size = 1, maxSize = 32, parentContextCount = 0, hitCount = 52, missCount = 1]
13:58:27.618 [Test worker] DEBUG org.springframework.test.context.support.AbstractDirtiesContextTestExecutionListener - After test class: class [LinkServiceTest], class annotated with @DirtiesContext [false] with mode [null]
]]></system-out>
  <system-err><![CDATA[]]></system-err>
</testsuite>
