<?xml version="1.0" encoding="UTF-8"?>
<testsuite name="uyu.server.tag.service.TagServiceTest" tests="4" skipped="0" failures="0" errors="0" timestamp="2023-02-16T05:30:55" hostname="minchoui-MacBookPro.local" time="0.044">
  <properties/>
  <testcase name="태그를 수정할 수 있다." classname="uyu.server.tag.service.TagServiceTest" time="0.03"/>
  <testcase name="태그리스트를 가져올 수 있다." classname="uyu.server.tag.service.TagServiceTest" time="0.003"/>
  <testcase name="태그를 삭제할 수 있다." classname="uyu.server.tag.service.TagServiceTest" time="0.004"/>
  <testcase name="링크를 생성할 수 있다." classname="uyu.server.tag.service.TagServiceTest" time="0.003"/>
  <system-out><![CDATA[14:30:54.614 [Test worker] DEBUG org.springframework.test.context.support.DefaultTestContextBootstrapper - Neither @ContextConfiguration nor @ContextHierarchy found for test class [TagServiceTest]: using DelegatingSmartContextLoader
14:30:54.617 [Test worker] DEBUG org.springframework.test.context.support.AbstractContextLoader - Could not detect default resource locations for test class [uyu.server.tag.service.TagServiceTest]: no resource found for suffixes {-context.xml}.
14:30:54.618 [Test worker] INFO org.springframework.test.context.support.AnnotationConfigContextLoaderUtils - Could not detect default configuration classes for test class [uyu.server.tag.service.TagServiceTest]: TagServiceTest does not declare any static, non-private, non-final, nested classes annotated with @Configuration.
14:30:54.637 [Test worker] DEBUG org.springframework.test.context.support.DefaultTestContextBootstrapper - Using ContextCustomizers for test class [TagServiceTest]: [DisableObservabilityContextCustomizer, PropertyMappingContextCustomizer, Customizer, ExcludeFilterContextCustomizer, DuplicateJsonObjectContextCustomizer, MockitoContextCustomizer]
14:30:54.653 [Test worker] DEBUG org.springframework.test.context.support.DefaultTestContextBootstrapper - Using TestExecutionListeners for test class [TagServiceTest]: [ServletTestExecutionListener, DirtiesContextBeforeModesTestExecutionListener, ApplicationEventsTestExecutionListener, MockitoTestExecutionListener, DependencyInjectionTestExecutionListener, DirtiesContextTestExecutionListener, TransactionalTestExecutionListener, SqlScriptsTestExecutionListener, EventPublishingTestExecutionListener, RestDocsTestExecutionListener, MockRestServiceServerResetTestExecutionListener, MockMvcPrintOnlyOnFailureTestExecutionListener, WebDriverTestExecutionListener, MockWebServiceServerTestExecutionListener, ResetMocksTestExecutionListener]
14:30:54.654 [Test worker] DEBUG org.springframework.test.context.support.AbstractDirtiesContextTestExecutionListener - Before test class: class [TagServiceTest], class annotated with @DirtiesContext [false] with mode [null]
14:30:54.965 [Test worker] DEBUG org.springframework.test.context.support.DependencyInjectionTestExecutionListener - Performing dependency injection for test class uyu.server.tag.service.TagServiceTest
14:30:54.965 [Test worker] DEBUG org.springframework.test.context.support.AbstractGenericContextLoader - Loading ApplicationContext for test class uyu.server.tag.service.TagServiceTest
14:30:54.988 [Test worker] DEBUG org.springframework.core.env.StandardEnvironment - Activating profiles []
14:30:54.988 [Test worker] DEBUG org.springframework.test.context.support.AnnotationConfigContextLoader - Registering component classes: []
14:30:55.003 [Test worker] DEBUG org.springframework.context.support.GenericApplicationContext - Refreshing org.springframework.context.support.GenericApplicationContext@540a903b
14:30:55.010 [Test worker] DEBUG org.springframework.beans.factory.support.DefaultListableBeanFactory - Creating shared instance of singleton bean 'org.springframework.context.annotation.internalConfigurationAnnotationProcessor'
14:30:55.020 [Test worker] DEBUG org.springframework.beans.factory.support.DefaultListableBeanFactory - Creating shared instance of singleton bean 'org.springframework.boot.test.mock.mockito.MockitoPostProcessor'
14:30:55.028 [Test worker] DEBUG org.springframework.beans.factory.support.DefaultListableBeanFactory - Creating shared instance of singleton bean 'org.springframework.context.event.internalEventListenerProcessor'
14:30:55.029 [Test worker] DEBUG org.springframework.beans.factory.support.DefaultListableBeanFactory - Creating shared instance of singleton bean 'org.springframework.context.event.internalEventListenerFactory'
14:30:55.030 [Test worker] DEBUG org.springframework.beans.factory.support.DefaultListableBeanFactory - Creating shared instance of singleton bean 'org.springframework.context.annotation.internalAutowiredAnnotationProcessor'
14:30:55.031 [Test worker] DEBUG org.springframework.beans.factory.support.DefaultListableBeanFactory - Creating shared instance of singleton bean 'org.springframework.context.annotation.internalCommonAnnotationProcessor'
14:30:55.033 [Test worker] DEBUG org.springframework.beans.factory.support.DefaultListableBeanFactory - Creating shared instance of singleton bean 'org.springframework.context.annotation.internalPersistenceAnnotationProcessor'
14:30:55.033 [Test worker] DEBUG org.springframework.beans.factory.support.DefaultListableBeanFactory - Creating shared instance of singleton bean 'org.springframework.boot.test.mock.mockito.MockitoPostProcessor$SpyPostProcessor'
14:30:55.044 [Test worker] DEBUG org.springframework.test.context.cache - Spring test ApplicationContext cache statistics: [DefaultContextCache@523d6bdb size = 1, maxSize = 32, parentContextCount = 0, hitCount = 0, missCount = 1]
14:30:55.047 [Test worker] DEBUG org.springframework.test.context.cache - Spring test ApplicationContext cache statistics: [DefaultContextCache@523d6bdb size = 1, maxSize = 32, parentContextCount = 0, hitCount = 1, missCount = 1]
14:30:55.051 [Test worker] DEBUG org.springframework.test.context.support.AbstractDirtiesContextTestExecutionListener - Before test method: class [TagServiceTest], method [modifyTag], class annotated with @DirtiesContext [false] with mode [null], method annotated with @DirtiesContext [false] with mode [null]
14:30:55.053 [Test worker] DEBUG org.springframework.test.context.cache - Spring test ApplicationContext cache statistics: [DefaultContextCache@523d6bdb size = 1, maxSize = 32, parentContextCount = 0, hitCount = 2, missCount = 1]
14:30:55.054 [Test worker] DEBUG org.springframework.test.context.cache - Spring test ApplicationContext cache statistics: [DefaultContextCache@523d6bdb size = 1, maxSize = 32, parentContextCount = 0, hitCount = 3, missCount = 1]
14:30:55.055 [Test worker] DEBUG org.springframework.test.context.cache - Spring test ApplicationContext cache statistics: [DefaultContextCache@523d6bdb size = 1, maxSize = 32, parentContextCount = 0, hitCount = 4, missCount = 1]
14:30:55.059 [Test worker] DEBUG org.springframework.test.context.cache - Spring test ApplicationContext cache statistics: [DefaultContextCache@523d6bdb size = 1, maxSize = 32, parentContextCount = 0, hitCount = 5, missCount = 1]
14:30:55.074 [Test worker] DEBUG org.springframework.test.context.cache - Spring test ApplicationContext cache statistics: [DefaultContextCache@523d6bdb size = 1, maxSize = 32, parentContextCount = 0, hitCount = 6, missCount = 1]
14:30:55.075 [Test worker] DEBUG org.springframework.test.context.cache - Spring test ApplicationContext cache statistics: [DefaultContextCache@523d6bdb size = 1, maxSize = 32, parentContextCount = 0, hitCount = 7, missCount = 1]
14:30:55.075 [Test worker] DEBUG org.springframework.test.context.cache - Spring test ApplicationContext cache statistics: [DefaultContextCache@523d6bdb size = 1, maxSize = 32, parentContextCount = 0, hitCount = 8, missCount = 1]
14:30:55.075 [Test worker] DEBUG org.springframework.test.context.cache - Spring test ApplicationContext cache statistics: [DefaultContextCache@523d6bdb size = 1, maxSize = 32, parentContextCount = 0, hitCount = 9, missCount = 1]
14:30:55.076 [Test worker] DEBUG org.springframework.test.context.cache - Spring test ApplicationContext cache statistics: [DefaultContextCache@523d6bdb size = 1, maxSize = 32, parentContextCount = 0, hitCount = 10, missCount = 1]
14:30:55.076 [Test worker] DEBUG org.springframework.test.context.cache - Spring test ApplicationContext cache statistics: [DefaultContextCache@523d6bdb size = 1, maxSize = 32, parentContextCount = 0, hitCount = 11, missCount = 1]
14:30:55.077 [Test worker] DEBUG org.springframework.test.context.cache - Spring test ApplicationContext cache statistics: [DefaultContextCache@523d6bdb size = 1, maxSize = 32, parentContextCount = 0, hitCount = 12, missCount = 1]
14:30:55.077 [Test worker] DEBUG org.springframework.test.context.support.AbstractDirtiesContextTestExecutionListener - After test method: class [TagServiceTest], method [modifyTag], class annotated with @DirtiesContext [false] with mode [null], method annotated with @DirtiesContext [false] with mode [null]
14:30:55.080 [Test worker] DEBUG org.springframework.test.context.support.DependencyInjectionTestExecutionListener - Performing dependency injection for test class uyu.server.tag.service.TagServiceTest
14:30:55.080 [Test worker] DEBUG org.springframework.test.context.cache - Spring test ApplicationContext cache statistics: [DefaultContextCache@523d6bdb size = 1, maxSize = 32, parentContextCount = 0, hitCount = 13, missCount = 1]
14:30:55.080 [Test worker] DEBUG org.springframework.test.context.cache - Spring test ApplicationContext cache statistics: [DefaultContextCache@523d6bdb size = 1, maxSize = 32, parentContextCount = 0, hitCount = 14, missCount = 1]
14:30:55.081 [Test worker] DEBUG org.springframework.test.context.support.AbstractDirtiesContextTestExecutionListener - Before test method: class [TagServiceTest], method [getTagList], class annotated with @DirtiesContext [false] with mode [null], method annotated with @DirtiesContext [false] with mode [null]
14:30:55.081 [Test worker] DEBUG org.springframework.test.context.cache - Spring test ApplicationContext cache statistics: [DefaultContextCache@523d6bdb size = 1, maxSize = 32, parentContextCount = 0, hitCount = 15, missCount = 1]
14:30:55.081 [Test worker] DEBUG org.springframework.test.context.cache - Spring test ApplicationContext cache statistics: [DefaultContextCache@523d6bdb size = 1, maxSize = 32, parentContextCount = 0, hitCount = 16, missCount = 1]
14:30:55.081 [Test worker] DEBUG org.springframework.test.context.cache - Spring test ApplicationContext cache statistics: [DefaultContextCache@523d6bdb size = 1, maxSize = 32, parentContextCount = 0, hitCount = 17, missCount = 1]
14:30:55.082 [Test worker] DEBUG org.springframework.test.context.cache - Spring test ApplicationContext cache statistics: [DefaultContextCache@523d6bdb size = 1, maxSize = 32, parentContextCount = 0, hitCount = 18, missCount = 1]
14:30:55.082 [Test worker] DEBUG org.springframework.test.context.cache - Spring test ApplicationContext cache statistics: [DefaultContextCache@523d6bdb size = 1, maxSize = 32, parentContextCount = 0, hitCount = 19, missCount = 1]
14:30:55.083 [Test worker] DEBUG org.springframework.test.context.cache - Spring test ApplicationContext cache statistics: [DefaultContextCache@523d6bdb size = 1, maxSize = 32, parentContextCount = 0, hitCount = 20, missCount = 1]
14:30:55.083 [Test worker] DEBUG org.springframework.test.context.cache - Spring test ApplicationContext cache statistics: [DefaultContextCache@523d6bdb size = 1, maxSize = 32, parentContextCount = 0, hitCount = 21, missCount = 1]
14:30:55.083 [Test worker] DEBUG org.springframework.test.context.cache - Spring test ApplicationContext cache statistics: [DefaultContextCache@523d6bdb size = 1, maxSize = 32, parentContextCount = 0, hitCount = 22, missCount = 1]
14:30:55.083 [Test worker] DEBUG org.springframework.test.context.cache - Spring test ApplicationContext cache statistics: [DefaultContextCache@523d6bdb size = 1, maxSize = 32, parentContextCount = 0, hitCount = 23, missCount = 1]
14:30:55.083 [Test worker] DEBUG org.springframework.test.context.cache - Spring test ApplicationContext cache statistics: [DefaultContextCache@523d6bdb size = 1, maxSize = 32, parentContextCount = 0, hitCount = 24, missCount = 1]
14:30:55.083 [Test worker] DEBUG org.springframework.test.context.cache - Spring test ApplicationContext cache statistics: [DefaultContextCache@523d6bdb size = 1, maxSize = 32, parentContextCount = 0, hitCount = 25, missCount = 1]
14:30:55.084 [Test worker] DEBUG org.springframework.test.context.support.AbstractDirtiesContextTestExecutionListener - After test method: class [TagServiceTest], method [getTagList], class annotated with @DirtiesContext [false] with mode [null], method annotated with @DirtiesContext [false] with mode [null]
14:30:55.084 [Test worker] DEBUG org.springframework.test.context.support.DependencyInjectionTestExecutionListener - Performing dependency injection for test class uyu.server.tag.service.TagServiceTest
14:30:55.084 [Test worker] DEBUG org.springframework.test.context.cache - Spring test ApplicationContext cache statistics: [DefaultContextCache@523d6bdb size = 1, maxSize = 32, parentContextCount = 0, hitCount = 26, missCount = 1]
14:30:55.085 [Test worker] DEBUG org.springframework.test.context.cache - Spring test ApplicationContext cache statistics: [DefaultContextCache@523d6bdb size = 1, maxSize = 32, parentContextCount = 0, hitCount = 27, missCount = 1]
14:30:55.086 [Test worker] DEBUG org.springframework.test.context.support.AbstractDirtiesContextTestExecutionListener - Before test method: class [TagServiceTest], method [deleteTag], class annotated with @DirtiesContext [false] with mode [null], method annotated with @DirtiesContext [false] with mode [null]
14:30:55.086 [Test worker] DEBUG org.springframework.test.context.cache - Spring test ApplicationContext cache statistics: [DefaultContextCache@523d6bdb size = 1, maxSize = 32, parentContextCount = 0, hitCount = 28, missCount = 1]
14:30:55.086 [Test worker] DEBUG org.springframework.test.context.cache - Spring test ApplicationContext cache statistics: [DefaultContextCache@523d6bdb size = 1, maxSize = 32, parentContextCount = 0, hitCount = 29, missCount = 1]
14:30:55.086 [Test worker] DEBUG org.springframework.test.context.cache - Spring test ApplicationContext cache statistics: [DefaultContextCache@523d6bdb size = 1, maxSize = 32, parentContextCount = 0, hitCount = 30, missCount = 1]
14:30:55.086 [Test worker] DEBUG org.springframework.test.context.cache - Spring test ApplicationContext cache statistics: [DefaultContextCache@523d6bdb size = 1, maxSize = 32, parentContextCount = 0, hitCount = 31, missCount = 1]
14:30:55.087 [Test worker] DEBUG org.springframework.test.context.cache - Spring test ApplicationContext cache statistics: [DefaultContextCache@523d6bdb size = 1, maxSize = 32, parentContextCount = 0, hitCount = 32, missCount = 1]
14:30:55.088 [Test worker] DEBUG org.springframework.test.context.cache - Spring test ApplicationContext cache statistics: [DefaultContextCache@523d6bdb size = 1, maxSize = 32, parentContextCount = 0, hitCount = 33, missCount = 1]
14:30:55.088 [Test worker] DEBUG org.springframework.test.context.cache - Spring test ApplicationContext cache statistics: [DefaultContextCache@523d6bdb size = 1, maxSize = 32, parentContextCount = 0, hitCount = 34, missCount = 1]
14:30:55.088 [Test worker] DEBUG org.springframework.test.context.cache - Spring test ApplicationContext cache statistics: [DefaultContextCache@523d6bdb size = 1, maxSize = 32, parentContextCount = 0, hitCount = 35, missCount = 1]
14:30:55.088 [Test worker] DEBUG org.springframework.test.context.cache - Spring test ApplicationContext cache statistics: [DefaultContextCache@523d6bdb size = 1, maxSize = 32, parentContextCount = 0, hitCount = 36, missCount = 1]
14:30:55.088 [Test worker] DEBUG org.springframework.test.context.cache - Spring test ApplicationContext cache statistics: [DefaultContextCache@523d6bdb size = 1, maxSize = 32, parentContextCount = 0, hitCount = 37, missCount = 1]
14:30:55.088 [Test worker] DEBUG org.springframework.test.context.cache - Spring test ApplicationContext cache statistics: [DefaultContextCache@523d6bdb size = 1, maxSize = 32, parentContextCount = 0, hitCount = 38, missCount = 1]
14:30:55.089 [Test worker] DEBUG org.springframework.test.context.support.AbstractDirtiesContextTestExecutionListener - After test method: class [TagServiceTest], method [deleteTag], class annotated with @DirtiesContext [false] with mode [null], method annotated with @DirtiesContext [false] with mode [null]
14:30:55.089 [Test worker] DEBUG org.springframework.test.context.support.DependencyInjectionTestExecutionListener - Performing dependency injection for test class uyu.server.tag.service.TagServiceTest
14:30:55.089 [Test worker] DEBUG org.springframework.test.context.cache - Spring test ApplicationContext cache statistics: [DefaultContextCache@523d6bdb size = 1, maxSize = 32, parentContextCount = 0, hitCount = 39, missCount = 1]
14:30:55.090 [Test worker] DEBUG org.springframework.test.context.cache - Spring test ApplicationContext cache statistics: [DefaultContextCache@523d6bdb size = 1, maxSize = 32, parentContextCount = 0, hitCount = 40, missCount = 1]
14:30:55.090 [Test worker] DEBUG org.springframework.test.context.support.AbstractDirtiesContextTestExecutionListener - Before test method: class [TagServiceTest], method [createLink], class annotated with @DirtiesContext [false] with mode [null], method annotated with @DirtiesContext [false] with mode [null]
14:30:55.090 [Test worker] DEBUG org.springframework.test.context.cache - Spring test ApplicationContext cache statistics: [DefaultContextCache@523d6bdb size = 1, maxSize = 32, parentContextCount = 0, hitCount = 41, missCount = 1]
14:30:55.091 [Test worker] DEBUG org.springframework.test.context.cache - Spring test ApplicationContext cache statistics: [DefaultContextCache@523d6bdb size = 1, maxSize = 32, parentContextCount = 0, hitCount = 42, missCount = 1]
14:30:55.091 [Test worker] DEBUG org.springframework.test.context.cache - Spring test ApplicationContext cache statistics: [DefaultContextCache@523d6bdb size = 1, maxSize = 32, parentContextCount = 0, hitCount = 43, missCount = 1]
14:30:55.091 [Test worker] DEBUG org.springframework.test.context.cache - Spring test ApplicationContext cache statistics: [DefaultContextCache@523d6bdb size = 1, maxSize = 32, parentContextCount = 0, hitCount = 44, missCount = 1]
14:30:55.092 [Test worker] DEBUG org.springframework.test.context.cache - Spring test ApplicationContext cache statistics: [DefaultContextCache@523d6bdb size = 1, maxSize = 32, parentContextCount = 0, hitCount = 45, missCount = 1]
14:30:55.092 [Test worker] DEBUG org.springframework.test.context.cache - Spring test ApplicationContext cache statistics: [DefaultContextCache@523d6bdb size = 1, maxSize = 32, parentContextCount = 0, hitCount = 46, missCount = 1]
14:30:55.093 [Test worker] DEBUG org.springframework.test.context.cache - Spring test ApplicationContext cache statistics: [DefaultContextCache@523d6bdb size = 1, maxSize = 32, parentContextCount = 0, hitCount = 47, missCount = 1]
14:30:55.093 [Test worker] DEBUG org.springframework.test.context.cache - Spring test ApplicationContext cache statistics: [DefaultContextCache@523d6bdb size = 1, maxSize = 32, parentContextCount = 0, hitCount = 48, missCount = 1]
14:30:55.093 [Test worker] DEBUG org.springframework.test.context.cache - Spring test ApplicationContext cache statistics: [DefaultContextCache@523d6bdb size = 1, maxSize = 32, parentContextCount = 0, hitCount = 49, missCount = 1]
14:30:55.093 [Test worker] DEBUG org.springframework.test.context.cache - Spring test ApplicationContext cache statistics: [DefaultContextCache@523d6bdb size = 1, maxSize = 32, parentContextCount = 0, hitCount = 50, missCount = 1]
14:30:55.093 [Test worker] DEBUG org.springframework.test.context.cache - Spring test ApplicationContext cache statistics: [DefaultContextCache@523d6bdb size = 1, maxSize = 32, parentContextCount = 0, hitCount = 51, missCount = 1]
14:30:55.093 [Test worker] DEBUG org.springframework.test.context.support.AbstractDirtiesContextTestExecutionListener - After test method: class [TagServiceTest], method [createLink], class annotated with @DirtiesContext [false] with mode [null], method annotated with @DirtiesContext [false] with mode [null]
14:30:55.094 [Test worker] DEBUG org.springframework.test.context.cache - Spring test ApplicationContext cache statistics: [DefaultContextCache@523d6bdb size = 1, maxSize = 32, parentContextCount = 0, hitCount = 52, missCount = 1]
14:30:55.094 [Test worker] DEBUG org.springframework.test.context.support.AbstractDirtiesContextTestExecutionListener - After test class: class [TagServiceTest], class annotated with @DirtiesContext [false] with mode [null]
]]></system-out>
  <system-err><![CDATA[]]></system-err>
</testsuite>
