<?xml version="1.0" encoding="UTF-8"?>
<testsuite name="uyu.server.link.service.LinkServiceTest" tests="4" skipped="0" failures="0" errors="0" timestamp="2023-02-16T04:30:34" hostname="minchoui-MacBookPro.local" time="0.045">
  <properties/>
  <testcase name="링크 세부 내용을 알 수 있다." classname="uyu.server.link.service.LinkServiceTest" time="0.03"/>
  <testcase name="링크를 수정할 수 있다." classname="uyu.server.link.service.LinkServiceTest" time="0.004"/>
  <testcase name="링크를 생성할 수 있다." classname="uyu.server.link.service.LinkServiceTest" time="0.004"/>
  <testcase name="링크를 삭제할 수 있다." classname="uyu.server.link.service.LinkServiceTest" time="0.002"/>
  <system-out><![CDATA[13:30:33.984 [Test worker] DEBUG org.springframework.test.context.support.DefaultTestContextBootstrapper - Neither @ContextConfiguration nor @ContextHierarchy found for test class [LinkServiceTest]: using DelegatingSmartContextLoader
13:30:33.987 [Test worker] DEBUG org.springframework.test.context.support.AbstractContextLoader - Could not detect default resource locations for test class [uyu.server.link.service.LinkServiceTest]: no resource found for suffixes {-context.xml}.
13:30:33.988 [Test worker] INFO org.springframework.test.context.support.AnnotationConfigContextLoaderUtils - Could not detect default configuration classes for test class [uyu.server.link.service.LinkServiceTest]: LinkServiceTest does not declare any static, non-private, non-final, nested classes annotated with @Configuration.
13:30:34.005 [Test worker] DEBUG org.springframework.test.context.support.DefaultTestContextBootstrapper - Using ContextCustomizers for test class [LinkServiceTest]: [DisableObservabilityContextCustomizer, PropertyMappingContextCustomizer, Customizer, ExcludeFilterContextCustomizer, DuplicateJsonObjectContextCustomizer, MockitoContextCustomizer]
13:30:34.020 [Test worker] DEBUG org.springframework.test.context.support.DefaultTestContextBootstrapper - Using TestExecutionListeners for test class [LinkServiceTest]: [ServletTestExecutionListener, DirtiesContextBeforeModesTestExecutionListener, ApplicationEventsTestExecutionListener, MockitoTestExecutionListener, DependencyInjectionTestExecutionListener, DirtiesContextTestExecutionListener, TransactionalTestExecutionListener, SqlScriptsTestExecutionListener, EventPublishingTestExecutionListener, RestDocsTestExecutionListener, MockRestServiceServerResetTestExecutionListener, MockMvcPrintOnlyOnFailureTestExecutionListener, WebDriverTestExecutionListener, MockWebServiceServerTestExecutionListener, ResetMocksTestExecutionListener]
13:30:34.021 [Test worker] DEBUG org.springframework.test.context.support.AbstractDirtiesContextTestExecutionListener - Before test class: class [LinkServiceTest], class annotated with @DirtiesContext [false] with mode [null]
13:30:34.361 [Test worker] DEBUG org.springframework.test.context.support.DependencyInjectionTestExecutionListener - Performing dependency injection for test class uyu.server.link.service.LinkServiceTest
13:30:34.361 [Test worker] DEBUG org.springframework.test.context.support.AbstractGenericContextLoader - Loading ApplicationContext for test class uyu.server.link.service.LinkServiceTest
13:30:34.383 [Test worker] DEBUG org.springframework.core.env.StandardEnvironment - Activating profiles []
13:30:34.384 [Test worker] DEBUG org.springframework.test.context.support.AnnotationConfigContextLoader - Registering component classes: []
13:30:34.398 [Test worker] DEBUG org.springframework.context.support.GenericApplicationContext - Refreshing org.springframework.context.support.GenericApplicationContext@351f2244
13:30:34.405 [Test worker] DEBUG org.springframework.beans.factory.support.DefaultListableBeanFactory - Creating shared instance of singleton bean 'org.springframework.context.annotation.internalConfigurationAnnotationProcessor'
13:30:34.415 [Test worker] DEBUG org.springframework.beans.factory.support.DefaultListableBeanFactory - Creating shared instance of singleton bean 'org.springframework.boot.test.mock.mockito.MockitoPostProcessor'
13:30:34.423 [Test worker] DEBUG org.springframework.beans.factory.support.DefaultListableBeanFactory - Creating shared instance of singleton bean 'org.springframework.context.event.internalEventListenerProcessor'
13:30:34.424 [Test worker] DEBUG org.springframework.beans.factory.support.DefaultListableBeanFactory - Creating shared instance of singleton bean 'org.springframework.context.event.internalEventListenerFactory'
13:30:34.424 [Test worker] DEBUG org.springframework.beans.factory.support.DefaultListableBeanFactory - Creating shared instance of singleton bean 'org.springframework.context.annotation.internalAutowiredAnnotationProcessor'
13:30:34.425 [Test worker] DEBUG org.springframework.beans.factory.support.DefaultListableBeanFactory - Creating shared instance of singleton bean 'org.springframework.context.annotation.internalCommonAnnotationProcessor'
13:30:34.427 [Test worker] DEBUG org.springframework.beans.factory.support.DefaultListableBeanFactory - Creating shared instance of singleton bean 'org.springframework.context.annotation.internalPersistenceAnnotationProcessor'
13:30:34.428 [Test worker] DEBUG org.springframework.beans.factory.support.DefaultListableBeanFactory - Creating shared instance of singleton bean 'org.springframework.boot.test.mock.mockito.MockitoPostProcessor$SpyPostProcessor'
13:30:34.439 [Test worker] DEBUG org.springframework.test.context.cache - Spring test ApplicationContext cache statistics: [DefaultContextCache@1aabf50d size = 1, maxSize = 32, parentContextCount = 0, hitCount = 0, missCount = 1]
13:30:34.442 [Test worker] DEBUG org.springframework.test.context.cache - Spring test ApplicationContext cache statistics: [DefaultContextCache@1aabf50d size = 1, maxSize = 32, parentContextCount = 0, hitCount = 1, missCount = 1]
13:30:34.445 [Test worker] DEBUG org.springframework.test.context.support.AbstractDirtiesContextTestExecutionListener - Before test method: class [LinkServiceTest], method [getLinkDetail], class annotated with @DirtiesContext [false] with mode [null], method annotated with @DirtiesContext [false] with mode [null]
13:30:34.448 [Test worker] DEBUG org.springframework.test.context.cache - Spring test ApplicationContext cache statistics: [DefaultContextCache@1aabf50d size = 1, maxSize = 32, parentContextCount = 0, hitCount = 2, missCount = 1]
13:30:34.449 [Test worker] DEBUG org.springframework.test.context.cache - Spring test ApplicationContext cache statistics: [DefaultContextCache@1aabf50d size = 1, maxSize = 32, parentContextCount = 0, hitCount = 3, missCount = 1]
13:30:34.449 [Test worker] DEBUG org.springframework.test.context.cache - Spring test ApplicationContext cache statistics: [DefaultContextCache@1aabf50d size = 1, maxSize = 32, parentContextCount = 0, hitCount = 4, missCount = 1]
13:30:34.453 [Test worker] DEBUG org.springframework.test.context.cache - Spring test ApplicationContext cache statistics: [DefaultContextCache@1aabf50d size = 1, maxSize = 32, parentContextCount = 0, hitCount = 5, missCount = 1]
13:30:34.469 [Test worker] DEBUG org.springframework.test.context.cache - Spring test ApplicationContext cache statistics: [DefaultContextCache@1aabf50d size = 1, maxSize = 32, parentContextCount = 0, hitCount = 6, missCount = 1]
13:30:34.469 [Test worker] DEBUG org.springframework.test.context.cache - Spring test ApplicationContext cache statistics: [DefaultContextCache@1aabf50d size = 1, maxSize = 32, parentContextCount = 0, hitCount = 7, missCount = 1]
13:30:34.470 [Test worker] DEBUG org.springframework.test.context.cache - Spring test ApplicationContext cache statistics: [DefaultContextCache@1aabf50d size = 1, maxSize = 32, parentContextCount = 0, hitCount = 8, missCount = 1]
13:30:34.470 [Test worker] DEBUG org.springframework.test.context.cache - Spring test ApplicationContext cache statistics: [DefaultContextCache@1aabf50d size = 1, maxSize = 32, parentContextCount = 0, hitCount = 9, missCount = 1]
13:30:34.470 [Test worker] DEBUG org.springframework.test.context.cache - Spring test ApplicationContext cache statistics: [DefaultContextCache@1aabf50d size = 1, maxSize = 32, parentContextCount = 0, hitCount = 10, missCount = 1]
13:30:34.471 [Test worker] DEBUG org.springframework.test.context.cache - Spring test ApplicationContext cache statistics: [DefaultContextCache@1aabf50d size = 1, maxSize = 32, parentContextCount = 0, hitCount = 11, missCount = 1]
13:30:34.471 [Test worker] DEBUG org.springframework.test.context.cache - Spring test ApplicationContext cache statistics: [DefaultContextCache@1aabf50d size = 1, maxSize = 32, parentContextCount = 0, hitCount = 12, missCount = 1]
13:30:34.471 [Test worker] DEBUG org.springframework.test.context.support.AbstractDirtiesContextTestExecutionListener - After test method: class [LinkServiceTest], method [getLinkDetail], class annotated with @DirtiesContext [false] with mode [null], method annotated with @DirtiesContext [false] with mode [null]
13:30:34.474 [Test worker] DEBUG org.springframework.test.context.support.DependencyInjectionTestExecutionListener - Performing dependency injection for test class uyu.server.link.service.LinkServiceTest
13:30:34.475 [Test worker] DEBUG org.springframework.test.context.cache - Spring test ApplicationContext cache statistics: [DefaultContextCache@1aabf50d size = 1, maxSize = 32, parentContextCount = 0, hitCount = 13, missCount = 1]
13:30:34.475 [Test worker] DEBUG org.springframework.test.context.cache - Spring test ApplicationContext cache statistics: [DefaultContextCache@1aabf50d size = 1, maxSize = 32, parentContextCount = 0, hitCount = 14, missCount = 1]
13:30:34.476 [Test worker] DEBUG org.springframework.test.context.support.AbstractDirtiesContextTestExecutionListener - Before test method: class [LinkServiceTest], method [modifyLink], class annotated with @DirtiesContext [false] with mode [null], method annotated with @DirtiesContext [false] with mode [null]
13:30:34.476 [Test worker] DEBUG org.springframework.test.context.cache - Spring test ApplicationContext cache statistics: [DefaultContextCache@1aabf50d size = 1, maxSize = 32, parentContextCount = 0, hitCount = 15, missCount = 1]
13:30:34.476 [Test worker] DEBUG org.springframework.test.context.cache - Spring test ApplicationContext cache statistics: [DefaultContextCache@1aabf50d size = 1, maxSize = 32, parentContextCount = 0, hitCount = 16, missCount = 1]
13:30:34.476 [Test worker] DEBUG org.springframework.test.context.cache - Spring test ApplicationContext cache statistics: [DefaultContextCache@1aabf50d size = 1, maxSize = 32, parentContextCount = 0, hitCount = 17, missCount = 1]
13:30:34.476 [Test worker] DEBUG org.springframework.test.context.cache - Spring test ApplicationContext cache statistics: [DefaultContextCache@1aabf50d size = 1, maxSize = 32, parentContextCount = 0, hitCount = 18, missCount = 1]
13:30:34.478 [Test worker] DEBUG org.springframework.test.context.cache - Spring test ApplicationContext cache statistics: [DefaultContextCache@1aabf50d size = 1, maxSize = 32, parentContextCount = 0, hitCount = 19, missCount = 1]
13:30:34.478 [Test worker] DEBUG org.springframework.test.context.cache - Spring test ApplicationContext cache statistics: [DefaultContextCache@1aabf50d size = 1, maxSize = 32, parentContextCount = 0, hitCount = 20, missCount = 1]
13:30:34.479 [Test worker] DEBUG org.springframework.test.context.cache - Spring test ApplicationContext cache statistics: [DefaultContextCache@1aabf50d size = 1, maxSize = 32, parentContextCount = 0, hitCount = 21, missCount = 1]
13:30:34.479 [Test worker] DEBUG org.springframework.test.context.cache - Spring test ApplicationContext cache statistics: [DefaultContextCache@1aabf50d size = 1, maxSize = 32, parentContextCount = 0, hitCount = 22, missCount = 1]
13:30:34.479 [Test worker] DEBUG org.springframework.test.context.cache - Spring test ApplicationContext cache statistics: [DefaultContextCache@1aabf50d size = 1, maxSize = 32, parentContextCount = 0, hitCount = 23, missCount = 1]
13:30:34.479 [Test worker] DEBUG org.springframework.test.context.cache - Spring test ApplicationContext cache statistics: [DefaultContextCache@1aabf50d size = 1, maxSize = 32, parentContextCount = 0, hitCount = 24, missCount = 1]
13:30:34.479 [Test worker] DEBUG org.springframework.test.context.cache - Spring test ApplicationContext cache statistics: [DefaultContextCache@1aabf50d size = 1, maxSize = 32, parentContextCount = 0, hitCount = 25, missCount = 1]
13:30:34.479 [Test worker] DEBUG org.springframework.test.context.support.AbstractDirtiesContextTestExecutionListener - After test method: class [LinkServiceTest], method [modifyLink], class annotated with @DirtiesContext [false] with mode [null], method annotated with @DirtiesContext [false] with mode [null]
13:30:34.480 [Test worker] DEBUG org.springframework.test.context.support.DependencyInjectionTestExecutionListener - Performing dependency injection for test class uyu.server.link.service.LinkServiceTest
13:30:34.480 [Test worker] DEBUG org.springframework.test.context.cache - Spring test ApplicationContext cache statistics: [DefaultContextCache@1aabf50d size = 1, maxSize = 32, parentContextCount = 0, hitCount = 26, missCount = 1]
13:30:34.480 [Test worker] DEBUG org.springframework.test.context.cache - Spring test ApplicationContext cache statistics: [DefaultContextCache@1aabf50d size = 1, maxSize = 32, parentContextCount = 0, hitCount = 27, missCount = 1]
13:30:34.481 [Test worker] DEBUG org.springframework.test.context.support.AbstractDirtiesContextTestExecutionListener - Before test method: class [LinkServiceTest], method [createLink], class annotated with @DirtiesContext [false] with mode [null], method annotated with @DirtiesContext [false] with mode [null]
13:30:34.481 [Test worker] DEBUG org.springframework.test.context.cache - Spring test ApplicationContext cache statistics: [DefaultContextCache@1aabf50d size = 1, maxSize = 32, parentContextCount = 0, hitCount = 28, missCount = 1]
13:30:34.481 [Test worker] DEBUG org.springframework.test.context.cache - Spring test ApplicationContext cache statistics: [DefaultContextCache@1aabf50d size = 1, maxSize = 32, parentContextCount = 0, hitCount = 29, missCount = 1]
13:30:34.482 [Test worker] DEBUG org.springframework.test.context.cache - Spring test ApplicationContext cache statistics: [DefaultContextCache@1aabf50d size = 1, maxSize = 32, parentContextCount = 0, hitCount = 30, missCount = 1]
13:30:34.482 [Test worker] DEBUG org.springframework.test.context.cache - Spring test ApplicationContext cache statistics: [DefaultContextCache@1aabf50d size = 1, maxSize = 32, parentContextCount = 0, hitCount = 31, missCount = 1]
13:30:34.483 [Test worker] DEBUG org.springframework.test.context.cache - Spring test ApplicationContext cache statistics: [DefaultContextCache@1aabf50d size = 1, maxSize = 32, parentContextCount = 0, hitCount = 32, missCount = 1]
13:30:34.484 [Test worker] DEBUG org.springframework.test.context.cache - Spring test ApplicationContext cache statistics: [DefaultContextCache@1aabf50d size = 1, maxSize = 32, parentContextCount = 0, hitCount = 33, missCount = 1]
13:30:34.484 [Test worker] DEBUG org.springframework.test.context.cache - Spring test ApplicationContext cache statistics: [DefaultContextCache@1aabf50d size = 1, maxSize = 32, parentContextCount = 0, hitCount = 34, missCount = 1]
13:30:34.484 [Test worker] DEBUG org.springframework.test.context.cache - Spring test ApplicationContext cache statistics: [DefaultContextCache@1aabf50d size = 1, maxSize = 32, parentContextCount = 0, hitCount = 35, missCount = 1]
13:30:34.484 [Test worker] DEBUG org.springframework.test.context.cache - Spring test ApplicationContext cache statistics: [DefaultContextCache@1aabf50d size = 1, maxSize = 32, parentContextCount = 0, hitCount = 36, missCount = 1]
13:30:34.484 [Test worker] DEBUG org.springframework.test.context.cache - Spring test ApplicationContext cache statistics: [DefaultContextCache@1aabf50d size = 1, maxSize = 32, parentContextCount = 0, hitCount = 37, missCount = 1]
13:30:34.484 [Test worker] DEBUG org.springframework.test.context.cache - Spring test ApplicationContext cache statistics: [DefaultContextCache@1aabf50d size = 1, maxSize = 32, parentContextCount = 0, hitCount = 38, missCount = 1]
13:30:34.484 [Test worker] DEBUG org.springframework.test.context.support.AbstractDirtiesContextTestExecutionListener - After test method: class [LinkServiceTest], method [createLink], class annotated with @DirtiesContext [false] with mode [null], method annotated with @DirtiesContext [false] with mode [null]
13:30:34.485 [Test worker] DEBUG org.springframework.test.context.support.DependencyInjectionTestExecutionListener - Performing dependency injection for test class uyu.server.link.service.LinkServiceTest
13:30:34.485 [Test worker] DEBUG org.springframework.test.context.cache - Spring test ApplicationContext cache statistics: [DefaultContextCache@1aabf50d size = 1, maxSize = 32, parentContextCount = 0, hitCount = 39, missCount = 1]
13:30:34.485 [Test worker] DEBUG org.springframework.test.context.cache - Spring test ApplicationContext cache statistics: [DefaultContextCache@1aabf50d size = 1, maxSize = 32, parentContextCount = 0, hitCount = 40, missCount = 1]
13:30:34.486 [Test worker] DEBUG org.springframework.test.context.support.AbstractDirtiesContextTestExecutionListener - Before test method: class [LinkServiceTest], method [deleteLink], class annotated with @DirtiesContext [false] with mode [null], method annotated with @DirtiesContext [false] with mode [null]
13:30:34.487 [Test worker] DEBUG org.springframework.test.context.cache - Spring test ApplicationContext cache statistics: [DefaultContextCache@1aabf50d size = 1, maxSize = 32, parentContextCount = 0, hitCount = 41, missCount = 1]
13:30:34.487 [Test worker] DEBUG org.springframework.test.context.cache - Spring test ApplicationContext cache statistics: [DefaultContextCache@1aabf50d size = 1, maxSize = 32, parentContextCount = 0, hitCount = 42, missCount = 1]
13:30:34.487 [Test worker] DEBUG org.springframework.test.context.cache - Spring test ApplicationContext cache statistics: [DefaultContextCache@1aabf50d size = 1, maxSize = 32, parentContextCount = 0, hitCount = 43, missCount = 1]
13:30:34.487 [Test worker] DEBUG org.springframework.test.context.cache - Spring test ApplicationContext cache statistics: [DefaultContextCache@1aabf50d size = 1, maxSize = 32, parentContextCount = 0, hitCount = 44, missCount = 1]
13:30:34.488 [Test worker] DEBUG org.springframework.test.context.cache - Spring test ApplicationContext cache statistics: [DefaultContextCache@1aabf50d size = 1, maxSize = 32, parentContextCount = 0, hitCount = 45, missCount = 1]
13:30:34.488 [Test worker] DEBUG org.springframework.test.context.cache - Spring test ApplicationContext cache statistics: [DefaultContextCache@1aabf50d size = 1, maxSize = 32, parentContextCount = 0, hitCount = 46, missCount = 1]
13:30:34.488 [Test worker] DEBUG org.springframework.test.context.cache - Spring test ApplicationContext cache statistics: [DefaultContextCache@1aabf50d size = 1, maxSize = 32, parentContextCount = 0, hitCount = 47, missCount = 1]
13:30:34.488 [Test worker] DEBUG org.springframework.test.context.cache - Spring test ApplicationContext cache statistics: [DefaultContextCache@1aabf50d size = 1, maxSize = 32, parentContextCount = 0, hitCount = 48, missCount = 1]
13:30:34.488 [Test worker] DEBUG org.springframework.test.context.cache - Spring test ApplicationContext cache statistics: [DefaultContextCache@1aabf50d size = 1, maxSize = 32, parentContextCount = 0, hitCount = 49, missCount = 1]
13:30:34.489 [Test worker] DEBUG org.springframework.test.context.cache - Spring test ApplicationContext cache statistics: [DefaultContextCache@1aabf50d size = 1, maxSize = 32, parentContextCount = 0, hitCount = 50, missCount = 1]
13:30:34.489 [Test worker] DEBUG org.springframework.test.context.cache - Spring test ApplicationContext cache statistics: [DefaultContextCache@1aabf50d size = 1, maxSize = 32, parentContextCount = 0, hitCount = 51, missCount = 1]
13:30:34.489 [Test worker] DEBUG org.springframework.test.context.support.AbstractDirtiesContextTestExecutionListener - After test method: class [LinkServiceTest], method [deleteLink], class annotated with @DirtiesContext [false] with mode [null], method annotated with @DirtiesContext [false] with mode [null]
13:30:34.490 [Test worker] DEBUG org.springframework.test.context.cache - Spring test ApplicationContext cache statistics: [DefaultContextCache@1aabf50d size = 1, maxSize = 32, parentContextCount = 0, hitCount = 52, missCount = 1]
13:30:34.490 [Test worker] DEBUG org.springframework.test.context.support.AbstractDirtiesContextTestExecutionListener - After test class: class [LinkServiceTest], class annotated with @DirtiesContext [false] with mode [null]
]]></system-out>
  <system-err><![CDATA[]]></system-err>
</testsuite>
